d:\programming\my_progects\stefan\debug\vc120.pdb
d:\programming\my_progects\stefan\debug\vc120.idb
d:\programming\my_progects\stefan\debug\main.obj
d:\programming\my_progects\stefan\debug\progonka.obj
d:\programming\my_progects\stefan\debug\stefan2.obj
d:\programming\my_progects\stefan\debug\stefan.exe.embed.manifest
d:\programming\my_progects\stefan\debug\stefan.exe.intermediate.manifest
d:\programming\my_progects\stefan\debug\stefan.exe.embed.manifest.res
d:\programming\my_progects\stefan\debug\vc90.idb
d:\programming\my_progects\stefan\debug\stefan.pdb
d:\programming\my_progects\stefan\debug\vc90.pdb
d:\programming\my_progects\stefan\debug\stefan.tlog\cl.command.1.tlog
d:\programming\my_progects\stefan\debug\stefan.tlog\cl.read.1.tlog
d:\programming\my_progects\stefan\debug\stefan.tlog\cl.write.1.tlog
d:\programming\my_progects\stefan\debug\stefan.tlog\link-cvtres.read.1.tlog
d:\programming\my_progects\stefan\debug\stefan.tlog\link-cvtres.write.1.tlog
d:\programming\my_progects\stefan\debug\stefan.tlog\link-rc.read.1.tlog
d:\programming\my_progects\stefan\debug\stefan.tlog\link-rc.write.1.tlog
d:\programming\my_progects\stefan\debug\stefan.tlog\link.command.1.tlog
d:\programming\my_progects\stefan\debug\stefan.tlog\link.read.1.tlog
d:\programming\my_progects\stefan\debug\stefan.tlog\link.write.1.tlog
