Build started 13.05.2015 22:33:20.
     1>Project "D:\Programming\My_Progects\Stefan\projects\vs13\Stefan.vcxproj" on node 2 (Build target(s)).
     1>ClCompile:
         C:\Program Files (x86)\Microsoft Visual Studio 12.0\VC\bin\CL.exe /c /ZI /nologo /W3 /WX- /Od /Oy- /D WIN32 /D _DEBUG /D _CONSOLE /D _UNICODE /D UNICODE /Gm /EHsc /RTC1 /MDd /GS /fp:precise /Zc:wchar_t /Zc:forScope /Fo"Debug\\" /Fd"Debug\vc120.pdb" /Gd /TP /analyze- /errorReport:prompt ..\..\Source\Main.cpp ..\..\Source\progonka.cpp ..\..\Source\Stefan2.cpp
         Stefan2.cpp
     1>d:\programming\my_progects\stefan\source\stefan2.cpp(73): warning C4996: 'getch': The POSIX name for this item is deprecated. Instead, use the ISO C++ conformant name: _getch. See online help for details.
                 c:\program files (x86)\microsoft visual studio 12.0\vc\include\conio.h(131) : see declaration of 'getch'
     1>d:\programming\my_progects\stefan\source\stefan2.cpp(193): warning C4996: 'fopen': This function or variable may be unsafe. Consider using fopen_s instead. To disable deprecation, use _CRT_SECURE_NO_WARNINGS. See online help for details.
                 c:\program files (x86)\microsoft visual studio 12.0\vc\include\stdio.h(211) : see declaration of 'fopen'
         progonka.cpp
         Main.cpp
     1>d:\programming\my_progects\stefan\source\main.cpp(6): warning C4996: 'getch': The POSIX name for this item is deprecated. Instead, use the ISO C++ conformant name: _getch. See online help for details.
                 c:\program files (x86)\microsoft visual studio 12.0\vc\include\conio.h(131) : see declaration of 'getch'
         Generating Code...
       Link:
         C:\Program Files (x86)\Microsoft Visual Studio 12.0\VC\bin\link.exe /ERRORREPORT:PROMPT /OUT:"D:\Programming\My_Progects\Stefan\projects\vs13\Debug\Stefan.exe" /INCREMENTAL /NOLOGO kernel32.lib user32.lib gdi32.lib winspool.lib comdlg32.lib advapi32.lib shell32.lib ole32.lib oleaut32.lib uuid.lib odbc32.lib odbccp32.lib /MANIFEST /MANIFESTUAC:"level='asInvoker' uiAccess='false'" /manifest:embed /DEBUG /PDB:"D:\Programming\My_Progects\Stefan\projects\vs13\Debug\Stefan.pdb" /SUBSYSTEM:CONSOLE /TLBID:1 /DYNAMICBASE /NXCOMPAT /IMPLIB:"D:\Programming\My_Progects\Stefan\projects\vs13\Debug\Stefan.lib" /MACHINE:X86 /SAFESEH Debug\Main.obj
         Debug\progonka.obj
         Debug\Stefan2.obj
     1>Main.obj : warning LNK4075: ignoring '/EDITANDCONTINUE' due to '/SAFESEH' specification
         Stefan.vcxproj -> D:\Programming\My_Progects\Stefan\projects\vs13\Debug\Stefan.exe
     1>Done Building Project "D:\Programming\My_Progects\Stefan\projects\vs13\Stefan.vcxproj" (Build target(s)).

Build succeeded.

Time Elapsed 00:00:00.41
